<?xml version="1.0" encoding="UTF-8"?>
<!-- Generated by org.testng.reporters.JUnitReportReporter -->
<testsuite hostname="LAPTOP-8OD1K6F1" name="com.DataDriven.NewTours_NewUserRegistration" tests="2" failures="0" timestamp="14 Mar 2018 07:46:09 GMT" time="99.811" errors="0">
  <testcase name="Register" time="0.219" classname="com.DataDriven.NewTours_NewUserRegistration"/>
  <testcase name="UserRegisitration" time="99.592" classname="com.DataDriven.NewTours_NewUserRegistration"/>
</testsuite> <!-- com.DataDriven.NewTours_NewUserRegistration -->
