<?xml version="1.0" encoding="UTF-8"?>
<!-- Generated by org.testng.reporters.JUnitReportReporter -->
<testsuite hostname="LAPTOP-8OD1K6F1" name="com.TestNGAnnotations.Annotations2" tests="3" failures="0" timestamp="13 Mar 2018 08:08:11 GMT" time="0.015" errors="0">
  <testcase name="InBox" time="0.009" classname="com.TestNGAnnotations.Annotations2"/>
  <testcase name="SentMail" time="0.003" classname="com.TestNGAnnotations.Annotations2"/>
  <testcase name="ComposeMail" time="0.003" classname="com.TestNGAnnotations.Annotations2"/>
</testsuite> <!-- com.TestNGAnnotations.Annotations2 -->
