<?xml version="1.0" encoding="UTF-8"?>
<!-- Generated by org.testng.reporters.JUnitReportReporter -->
<testsuite hostname="LAPTOP-8OD1K6F1" name="com.NewToursLogInTesting_TestNG.NewToursLogInTest" tests="1" failures="0" timestamp="13 Mar 2018 08:30:01 GMT" time="32.905" errors="0">
  <testcase name="LogIn" time="32.905" classname="com.NewToursLogInTesting_TestNG.NewToursLogInTest"/>
</testsuite> <!-- com.NewToursLogInTesting_TestNG.NewToursLogInTest -->
