<?xml version="1.0" encoding="UTF-8"?>
<!-- Generated by org.testng.reporters.JUnitReportReporter -->
<testsuite hostname="LAPTOP-8OD1K6F1" name="com.POM.NewToursHomePageTesting" tests="1" failures="0" timestamp="8 Apr 2018 12:42:14 GMT" time="20.295" errors="0">
  <testcase name="HmePageTesting" time="20.295" classname="com.POM.NewToursHomePageTesting"/>
</testsuite> <!-- com.POM.NewToursHomePageTesting -->
