<?xml version="1.0" encoding="UTF-8"?>
<!-- Generated by org.testng.reporters.JUnitReportReporter -->
<testsuite hostname="LAPTOP-8OD1K6F1" name="com.KeyWord.NewToursLogInTest" tests="1" failures="0" timestamp="8 Apr 2018 12:42:14 GMT" time="0.246" errors="0">
  <testcase name="LogInTest" time="0.246" classname="com.KeyWord.NewToursLogInTest"/>
</testsuite> <!-- com.KeyWord.NewToursLogInTest -->
