<?xml version="1.0" encoding="UTF-8"?>
<!-- Generated by org.testng.reporters.JUnitReportReporter -->
<testsuite hostname="LAPTOP-8OD1K6F1" name="com.TestNGAnnotations.Annotations1" tests="3" failures="0" timestamp="13 Mar 2018 08:02:31 GMT" time="0.021" errors="0">
  <testcase name="InBox" time="0.001" classname="com.TestNGAnnotations.Annotations1"/>
  <testcase name="BrowserLaunch" time="0.017" classname="com.TestNGAnnotations.Annotations1"/>
  <testcase name="LogIn" time="0.003" classname="com.TestNGAnnotations.Annotations1"/>
</testsuite> <!-- com.TestNGAnnotations.Annotations1 -->
