<?xml version="1.0" encoding="UTF-8"?>
<!-- Generated by org.testng.reporters.JUnitReportReporter -->
<testsuite hostname="LAPTOP-8OD1K6F1" name="com.TestNGAnnotations.Annotaions3" tests="3" failures="0" timestamp="15 Mar 2018 12:47:49 GMT" time="0.016" errors="0">
  <testcase name="ComposeMail" time="0.000" classname="com.TestNGAnnotations.Annotaions3"/>
  <testcase name="SentMail" time="0.016" classname="com.TestNGAnnotations.Annotaions3"/>
  <testcase name="InBox" time="0.000" classname="com.TestNGAnnotations.Annotaions3"/>
</testsuite> <!-- com.TestNGAnnotations.Annotaions3 -->
