<?xml version="1.0" encoding="UTF-8"?>
<!-- Generated by org.testng.reporters.JUnitReportReporter -->
<testsuite hostname="LAPTOP-8OD1K6F1" name="com.BrowserAutomation.FirefoxBrowserAutomation" tests="1" failures="0" timestamp="8 Apr 2018 13:24:27 GMT" time="0.052" errors="0">
  <testcase name="TitleVerification" time="0.052" classname="com.BrowserAutomation.FirefoxBrowserAutomation"/>
</testsuite> <!-- com.BrowserAutomation.FirefoxBrowserAutomation -->
