<?xml version="1.0" encoding="UTF-8"?>
<!-- Generated by org.testng.reporters.JUnitReportReporter -->
<testsuite hostname="LAPTOP-8OD1K6F1" name="com.POM.NewToursHomePageTesting" tests="1" failures="0" timestamp="8 Apr 2018 13:09:16 GMT" time="24.536" errors="0">
  <testcase name="HomePgeTesting" time="24.536" classname="com.POM.NewToursHomePageTesting"/>
</testsuite> <!-- com.POM.NewToursHomePageTesting -->
