<?xml version="1.0" encoding="UTF-8"?>
<!-- Generated by org.testng.reporters.JUnitReportReporter -->
<testsuite hostname="LAPTOP-8OD1K6F1" name="com.DataDriven.NewTours_NewUserRegistration_MultipleTestData" tests="2" failures="0" timestamp="19 Mar 2018 13:04:26 GMT" time="41.968" errors="0">
  <testcase name="Register" time="0.277" classname="com.DataDriven.NewTours_NewUserRegistration_MultipleTestData"/>
  <testcase name="UserRegisitration" time="41.691" classname="com.DataDriven.NewTours_NewUserRegistration_MultipleTestData"/>
</testsuite> <!-- com.DataDriven.NewTours_NewUserRegistration_MultipleTestData -->
