<?xml version="1.0" encoding="UTF-8"?>
<!-- Generated by org.testng.reporters.JUnitReportReporter -->
<testsuite hostname="LAPTOP-8OD1K6F1" name="com.KeyWord.NewToursLogInTest" tests="1" failures="0" timestamp="19 Mar 2018 13:55:32 GMT" time="30.523" errors="0">
  <testcase name="LogInTest" time="30.523" classname="com.KeyWord.NewToursLogInTest"/>
</testsuite> <!-- com.KeyWord.NewToursLogInTest -->
