<?xml version="1.0" encoding="UTF-8"?>
<!-- Generated by org.testng.reporters.JUnitReportReporter -->
<testsuite hostname="LAPTOP-8OD1K6F1" name="com.TestNGAnnotations.Annotations1" tests="3" failures="0" timestamp="8 Apr 2018 13:02:38 GMT" time="0.031" errors="0">
  <testcase name="Inbox" time="0.015" classname="com.TestNGAnnotations.Annotations1"/>
  <testcase name="LaunchBrowser" time="0.016" classname="com.TestNGAnnotations.Annotations1"/>
  <testcase name="LogIn" time="0.000" classname="com.TestNGAnnotations.Annotations1"/>
</testsuite> <!-- com.TestNGAnnotations.Annotations1 -->
