<?xml version="1.0" encoding="UTF-8"?>
<!-- Generated by org.testng.reporters.JUnitReportReporter -->
<testsuite name="com.NewToursLogInTest.MyMavenProject.NewToursLogIn" tests="1" time="30.468" ignored="0" failures="0" timestamp="23 Apr 2018 09:50:27 GMT" skipped="0" hostname="LAPTOP-8OD1K6F1" errors="0">
  <testcase name="LogIN" time="30.468" classname="com.NewToursLogInTest.MyMavenProject.NewToursLogIn"/>
</testsuite> <!-- com.NewToursLogInTest.MyMavenProject.NewToursLogIn -->
