<?xml version="1.0" encoding="UTF-8"?>
<!-- Generated by org.testng.reporters.JUnitReportReporter -->
<testsuite hostname="LAPTOP-8OD1K6F1" name="com.KeyWordDriven.KeyWordDriven_NewToursSignIn" tests="1" failures="0" timestamp="25 Mar 2018 12:14:34 GMT" time="4.318" errors="0">
  <testcase name="NewToursSignIn" time="4.318" classname="com.KeyWordDriven.KeyWordDriven_NewToursSignIn"/>
</testsuite> <!-- com.KeyWordDriven.KeyWordDriven_NewToursSignIn -->
