<?xml version="1.0" encoding="UTF-8"?>
<!-- Generated by org.testng.reporters.JUnitReportReporter -->
<testsuite hostname="LAPTOP-8OD1K6F1" name="com.POM.NewToursHomePgeTesting" tests="1" failures="0" timestamp="30 Mar 2018 08:18:25 GMT" time="11.087" errors="0">
  <testcase name="HomePgeTesting" time="11.087" classname="com.POM.NewToursHomePgeTesting"/>
</testsuite> <!-- com.POM.NewToursHomePgeTesting -->
